<?xml version="1.0" encoding="UTF-8"?>
<coverage generated="1695307483387" clover="3.2.0">
  <project timestamp="1695307483388" name="All files">
    <metrics statements="20" coveredstatements="20" conditionals="1" coveredconditionals="0" methods="4" coveredmethods="4" elements="25" coveredelements="24" complexity="0" loc="20" ncloc="20" packages="2" files="4" classes="4"/>
    <package name="src">
      <metrics statements="13" coveredstatements="13" conditionals="1" coveredconditionals="0" methods="3" coveredmethods="3"/>
      <file name="Contact.tsx" path="D:\Web development\Typescript\Cart-Typescript\src\Contact.tsx">
        <metrics statements="3" coveredstatements="3" conditionals="0" coveredconditionals="0" methods="1" coveredmethods="1"/>
        <line num="1" count="1" type="stmt"/>
        <line num="2" count="3" type="stmt"/>
        <line num="13" count="1" type="stmt"/>
      </file>
      <file name="Header.tsx" path="D:\Web development\Typescript\Cart-Typescript\src\Header.tsx">
        <metrics statements="8" coveredstatements="8" conditionals="1" coveredconditionals="0" methods="1" coveredmethods="1"/>
        <line num="1" count="1" type="stmt"/>
        <line num="2" count="1" type="stmt"/>
        <line num="3" count="1" type="stmt"/>
        <line num="6" count="1" type="stmt"/>
        <line num="7" count="3" type="stmt"/>
        <line num="8" count="3" type="cond" truecount="0" falsecount="1"/>
        <line num="9" count="3" type="stmt"/>
        <line num="35" count="1" type="stmt"/>
      </file>
      <file name="sum.ts" path="D:\Web development\Typescript\Cart-Typescript\src\sum.ts">
        <metrics statements="2" coveredstatements="2" conditionals="0" coveredconditionals="0" methods="1" coveredmethods="1"/>
        <line num="2" count="1" type="stmt"/>
        <line num="4" count="1" type="stmt"/>
      </file>
    </package>
    <package name="src.Context">
      <metrics statements="7" coveredstatements="7" conditionals="0" coveredconditionals="0" methods="1" coveredmethods="1"/>
      <file name="Context.tsx" path="D:\Web development\Typescript\Cart-Typescript\src\Context\Context.tsx">
        <metrics statements="7" coveredstatements="7" conditionals="0" coveredconditionals="0" methods="1" coveredmethods="1"/>
        <line num="1" count="1" type="stmt"/>
        <line num="4" count="1" type="stmt"/>
        <line num="26" count="1" type="stmt"/>
        <line num="27" count="3" type="stmt"/>
        <line num="29" count="3" type="stmt"/>
        <line num="34" count="3" type="stmt"/>
        <line num="41" count="1" type="stmt"/>
      </file>
    </package>
  </project>
</coverage>
