{"D:\\Web development\\Typescript\\Cart-Typescript\\src\\Contact.tsx": {"path":"D:\\Web development\\Typescript\\Cart-Typescript\\src\\Contact.tsx","statementMap":{"0":{"start":{"line":1,"column":16},"end":{"line":12,"column":1}},"1":{"start":{"line":2,"column":2},"end":{"line":11,"column":4}},"2":{"start":{"line":13,"column":0},"end":{"line":13,"column":23}}},"fnMap":{"0":{"name":"(anonymous_0)","decl":{"start":{"line":1,"column":16},"end":{"line":1,"column":19}},"loc":{"start":{"line":1,"column":21},"end":{"line":12,"column":1}}}},"branchMap":{},"s":{"0":1,"1":3,"2":1},"f":{"0":3},"b":{}}
,"D:\\Web development\\Typescript\\Cart-Typescript\\src\\Header.tsx": {"path":"D:\\Web development\\Typescript\\Cart-Typescript\\src\\Header.tsx","statementMap":{"0":{"start":{"line":1,"column":0},"end":{"line":1,"column":40}},"1":{"start":{"line":2,"column":0},"end":{"line":2,"column":35}},"2":{"start":{"line":3,"column":0},"end":{"line":3,"column":48}},"3":{"start":{"line":6,"column":15},"end":{"line":33,"column":1}},"4":{"start":{"line":7,"column":41},"end":{"line":7,"column":64}},"5":{"start":{"line":8,"column":2},"end":{"line":8,"column":52}},"6":{"start":{"line":8,"column":40},"end":{"line":8,"column":52}},"7":{"start":{"line":9,"column":2},"end":{"line":32,"column":4}},"8":{"start":{"line":35,"column":0},"end":{"line":35,"column":22}}},"fnMap":{"0":{"name":"(anonymous_0)","decl":{"start":{"line":6,"column":15},"end":{"line":6,"column":18}},"loc":{"start":{"line":6,"column":20},"end":{"line":33,"column":1}}}},"branchMap":{"0":{"loc":{"start":{"line":8,"column":2},"end":{"line":8,"column":52}},"type":"if","locations":[{"start":{"line":8,"column":2},"end":{"line":8,"column":52}}]}},"s":{"0":1,"1":1,"2":1,"3":1,"4":3,"5":3,"6":0,"7":3,"8":1},"f":{"0":3},"b":{"0":[0]}}
,"D:\\Web development\\Typescript\\Cart-Typescript\\src\\sum.ts": {"path":"D:\\Web development\\Typescript\\Cart-Typescript\\src\\sum.ts","statementMap":{"0":{"start":{"line":2,"column":2},"end":{"line":2,"column":15}},"1":{"start":{"line":4,"column":0},"end":{"line":4,"column":19}}},"fnMap":{"0":{"name":"sum","decl":{"start":{"line":1,"column":9},"end":{"line":1,"column":12}},"loc":{"start":{"line":1,"column":33},"end":{"line":3,"column":1}}}},"branchMap":{},"s":{"0":1,"1":1},"f":{"0":1},"b":{}}
,"D:\\Web development\\Typescript\\Cart-Typescript\\src\\Context\\Context.tsx": {"path":"D:\\Web development\\Typescript\\Cart-Typescript\\src\\Context\\Context.tsx","statementMap":{"0":{"start":{"line":1,"column":0},"end":{"line":1,"column":55}},"1":{"start":{"line":4,"column":13},"end":{"line":4,"column":72}},"2":{"start":{"line":26,"column":27},"end":{"line":39,"column":1}},"3":{"start":{"line":27,"column":35},"end":{"line":27,"column":63}},"4":{"start":{"line":29,"column":41},"end":{"line":32,"column":4}},"5":{"start":{"line":34,"column":2},"end":{"line":38,"column":4}},"6":{"start":{"line":41,"column":0},"end":{"line":41,"column":35}}},"fnMap":{"0":{"name":"(anonymous_0)","decl":{"start":{"line":26,"column":27},"end":{"line":26,"column":28}},"loc":{"start":{"line":26,"column":72},"end":{"line":39,"column":1}}}},"branchMap":{},"s":{"0":1,"1":1,"2":1,"3":3,"4":3,"5":3,"6":1},"f":{"0":3},"b":{}}
}
